   0  $accept : %entry% $end

   1  program : func_def T_eof

   2  func_def : T_def header T_colon def multi_stmt T_end

   3  def :
   4      | func_def def
   5      | func_decl def
   6      | var_def def

   7  multi_stmt : stmt
   8             | stmt multi_stmt

   9  header : mytype T_var T_lbracket myformal T_rbracket

  10  mytype :
  11         | ttype

  12  myformal :
  13           | formal repformal

  14  repformal :
  15            | T_semicolon formal repformal

  16  formal : myref ttype T_var other_id

  17  myref :
  18        | T_ref

  19  other_id :
  20           | T_comma T_var other_id

  21  ttype : T_int
  22        | T_bool
  23        | T_char
  24        | ttype T_lsqbracket T_rsqbracket
  25        | T_list T_lsqbracket ttype T_rsqbracket

  26  func_decl : T_decl header

  27  var_def : ttype T_var other_id

  28  stmt : simple
  29       | T_exit
  30       | T_return expr
  31       | T_if expr T_colon multi_stmt elsif_stmt else_stmt T_end
  32       | T_for simple_list T_semicolon expr T_semicolon simple_list T_colon multi_stmt T_end

  33  elsif_stmt :
  34             | T_elsif expr T_colon multi_stmt elsif_stmt

  35  else_stmt :
  36            | T_else T_colon multi_stmt

  37  simple : T_skip
  38         | atom T_assign expr
  39         | call

  40  simple_list : simple other_simple

  41  other_simple :
  42               | T_comma simple other_simple

  43  call : T_var T_lbracket T_rbracket
  44       | T_var T_lbracket expr other_expr T_rbracket

  45  other_expr :
  46             | T_comma expr other_expr

  47  atom : T_var
  48       | T_string_const
  49       | atom T_lsqbracket expr T_rsqbracket
  50       | call

  51  expr : atom
  52       | T_int_const
  53       | T_char_const
  54       | T_lbracket expr T_rbracket
  55       | T_plus expr
  56       | T_minus expr
  57       | expr T_plus expr
  58       | expr T_minus expr
  59       | expr T_times expr
  60       | expr T_div expr
  61       | expr T_mod expr
  62       | expr T_eq expr
  63       | expr T_dif expr
  64       | expr T_less expr
  65       | expr T_greater expr
  66       | expr T_less_eq expr
  67       | expr T_greater_eq expr
  68       | T_true
  69       | T_false
  70       | T_not expr
  71       | expr T_and expr
  72       | expr T_or expr
  73       | T_new ttype T_lsqbracket expr T_rsqbracket
  74       | T_nil
  75       | T_is_nil T_lbracket expr T_rbracket
  76       | expr T_cons expr
  77       | T_head T_lbracket expr T_rbracket
  78       | T_tail T_lbracket expr T_rbracket

  79  %entry% : '\001' program

state 0
	$accept : . %entry% $end  (0)

	'\001'  shift 1
	.  error

	%entry%  goto 2


state 1
	%entry% : '\001' . program  (79)

	T_def  shift 3
	.  error

	program  goto 4
	func_def  goto 5


state 2
	$accept : %entry% . $end  (0)

	$end  accept


state 3
	func_def : T_def . header T_colon def multi_stmt T_end  (2)
	mytype : .  (10)

	T_bool  shift 6
	T_char  shift 7
	T_int  shift 8
	T_list  shift 9
	T_var  reduce 10

	header  goto 10
	mytype  goto 11
	ttype  goto 12


state 4
	%entry% : '\001' program .  (79)

	.  reduce 79


state 5
	program : func_def . T_eof  (1)

	T_eof  shift 13
	.  error


state 6
	ttype : T_bool .  (22)

	.  reduce 22


state 7
	ttype : T_char .  (23)

	.  reduce 23


state 8
	ttype : T_int .  (21)

	.  reduce 21


state 9
	ttype : T_list . T_lsqbracket ttype T_rsqbracket  (25)

	T_lsqbracket  shift 14
	.  error


state 10
	func_def : T_def header . T_colon def multi_stmt T_end  (2)

	T_colon  shift 15
	.  error


state 11
	header : mytype . T_var T_lbracket myformal T_rbracket  (9)

	T_var  shift 16
	.  error


state 12
	mytype : ttype .  (11)
	ttype : ttype . T_lsqbracket T_rsqbracket  (24)

	T_lsqbracket  shift 17
	T_var  reduce 11


state 13
	program : func_def T_eof .  (1)

	.  reduce 1


state 14
	ttype : T_list T_lsqbracket . ttype T_rsqbracket  (25)

	T_bool  shift 6
	T_char  shift 7
	T_int  shift 8
	T_list  shift 9
	.  error

	ttype  goto 18


state 15
	func_def : T_def header T_colon . def multi_stmt T_end  (2)
	def : .  (3)

	T_bool  shift 6
	T_char  shift 7
	T_decl  shift 19
	T_def  shift 3
	T_int  shift 8
	T_list  shift 9
	T_exit  reduce 3
	T_for  reduce 3
	T_if  reduce 3
	T_return  reduce 3
	T_skip  reduce 3
	T_var  reduce 3
	T_string_const  reduce 3

	func_def  goto 20
	def  goto 21
	ttype  goto 22
	func_decl  goto 23
	var_def  goto 24


state 16
	header : mytype T_var . T_lbracket myformal T_rbracket  (9)

	T_lbracket  shift 25
	.  error


state 17
	ttype : ttype T_lsqbracket . T_rsqbracket  (24)

	T_rsqbracket  shift 26
	.  error


state 18
	ttype : ttype . T_lsqbracket T_rsqbracket  (24)
	ttype : T_list T_lsqbracket ttype . T_rsqbracket  (25)

	T_lsqbracket  shift 17
	T_rsqbracket  shift 27
	.  error


state 19
	func_decl : T_decl . header  (26)
	mytype : .  (10)

	T_bool  shift 6
	T_char  shift 7
	T_int  shift 8
	T_list  shift 9
	T_var  reduce 10

	header  goto 28
	mytype  goto 11
	ttype  goto 12


state 20
	def : func_def . def  (4)
	def : .  (3)

	T_bool  shift 6
	T_char  shift 7
	T_decl  shift 19
	T_def  shift 3
	T_int  shift 8
	T_list  shift 9
	T_exit  reduce 3
	T_for  reduce 3
	T_if  reduce 3
	T_return  reduce 3
	T_skip  reduce 3
	T_var  reduce 3
	T_string_const  reduce 3

	func_def  goto 20
	def  goto 29
	ttype  goto 22
	func_decl  goto 23
	var_def  goto 24


state 21
	func_def : T_def header T_colon def . multi_stmt T_end  (2)

	T_exit  shift 30
	T_for  shift 31
	T_if  shift 32
	T_return  shift 33
	T_skip  shift 34
	T_var  shift 35
	T_string_const  shift 36
	.  error

	multi_stmt  goto 37
	stmt  goto 38
	simple  goto 39
	call  goto 40
	atom  goto 41


state 22
	ttype : ttype . T_lsqbracket T_rsqbracket  (24)
	var_def : ttype . T_var other_id  (27)

	T_var  shift 42
	T_lsqbracket  shift 17
	.  error


state 23
	def : func_decl . def  (5)
	def : .  (3)

	T_bool  shift 6
	T_char  shift 7
	T_decl  shift 19
	T_def  shift 3
	T_int  shift 8
	T_list  shift 9
	T_exit  reduce 3
	T_for  reduce 3
	T_if  reduce 3
	T_return  reduce 3
	T_skip  reduce 3
	T_var  reduce 3
	T_string_const  reduce 3

	func_def  goto 20
	def  goto 43
	ttype  goto 22
	func_decl  goto 23
	var_def  goto 24


state 24
	def : var_def . def  (6)
	def : .  (3)

	T_bool  shift 6
	T_char  shift 7
	T_decl  shift 19
	T_def  shift 3
	T_int  shift 8
	T_list  shift 9
	T_exit  reduce 3
	T_for  reduce 3
	T_if  reduce 3
	T_return  reduce 3
	T_skip  reduce 3
	T_var  reduce 3
	T_string_const  reduce 3

	func_def  goto 20
	def  goto 44
	ttype  goto 22
	func_decl  goto 23
	var_def  goto 24


state 25
	header : mytype T_var T_lbracket . myformal T_rbracket  (9)
	myformal : .  (12)
	myref : .  (17)

	T_ref  shift 45
	T_bool  reduce 17
	T_char  reduce 17
	T_int  reduce 17
	T_list  reduce 17
	T_rbracket  reduce 12

	myformal  goto 46
	formal  goto 47
	myref  goto 48


state 26
	ttype : ttype T_lsqbracket T_rsqbracket .  (24)

	.  reduce 24


state 27
	ttype : T_list T_lsqbracket ttype T_rsqbracket .  (25)

	.  reduce 25


state 28
	func_decl : T_decl header .  (26)

	.  reduce 26


state 29
	def : func_def def .  (4)

	.  reduce 4


state 30
	stmt : T_exit .  (29)

	.  reduce 29


state 31
	stmt : T_for . simple_list T_semicolon expr T_semicolon simple_list T_colon multi_stmt T_end  (32)

	T_skip  shift 34
	T_var  shift 35
	T_string_const  shift 36
	.  error

	simple  goto 49
	simple_list  goto 50
	call  goto 40
	atom  goto 41


state 32
	stmt : T_if . expr T_colon multi_stmt elsif_stmt else_stmt T_end  (31)

	T_false  shift 51
	T_head  shift 52
	T_new  shift 53
	T_nil  shift 54
	T_is_nil  shift 55
	T_not  shift 56
	T_tail  shift 57
	T_true  shift 58
	T_var  shift 35
	T_int_const  shift 59
	T_char_const  shift 60
	T_string_const  shift 36
	T_minus  shift 61
	T_plus  shift 62
	T_lbracket  shift 63
	.  error

	call  goto 64
	atom  goto 65
	expr  goto 66


state 33
	stmt : T_return . expr  (30)

	T_false  shift 51
	T_head  shift 52
	T_new  shift 53
	T_nil  shift 54
	T_is_nil  shift 55
	T_not  shift 56
	T_tail  shift 57
	T_true  shift 58
	T_var  shift 35
	T_int_const  shift 59
	T_char_const  shift 60
	T_string_const  shift 36
	T_minus  shift 61
	T_plus  shift 62
	T_lbracket  shift 63
	.  error

	call  goto 64
	atom  goto 65
	expr  goto 67


state 34
	simple : T_skip .  (37)

	.  reduce 37


state 35
	call : T_var . T_lbracket T_rbracket  (43)
	call : T_var . T_lbracket expr other_expr T_rbracket  (44)
	atom : T_var .  (47)

	T_lbracket  shift 68
	T_and  reduce 47
	T_else  reduce 47
	T_elsif  reduce 47
	T_end  reduce 47
	T_exit  reduce 47
	T_for  reduce 47
	T_if  reduce 47
	T_mod  reduce 47
	T_or  reduce 47
	T_return  reduce 47
	T_skip  reduce 47
	T_var  reduce 47
	T_string_const  reduce 47
	T_eq  reduce 47
	T_minus  reduce 47
	T_plus  reduce 47
	T_times  reduce 47
	T_div  reduce 47
	T_cons  reduce 47
	T_dif  reduce 47
	T_less  reduce 47
	T_greater  reduce 47
	T_less_eq  reduce 47
	T_greater_eq  reduce 47
	T_rbracket  reduce 47
	T_assign  reduce 47
	T_lsqbracket  reduce 47
	T_rsqbracket  reduce 47
	T_colon  reduce 47
	T_semicolon  reduce 47
	T_comma  reduce 47


state 36
	atom : T_string_const .  (48)

	.  reduce 48


state 37
	func_def : T_def header T_colon def multi_stmt . T_end  (2)

	T_end  shift 69
	.  error


state 38
	multi_stmt : stmt .  (7)
	multi_stmt : stmt . multi_stmt  (8)

	T_exit  shift 30
	T_for  shift 31
	T_if  shift 32
	T_return  shift 33
	T_skip  shift 34
	T_var  shift 35
	T_string_const  shift 36
	T_else  reduce 7
	T_elsif  reduce 7
	T_end  reduce 7

	multi_stmt  goto 70
	stmt  goto 38
	simple  goto 39
	call  goto 40
	atom  goto 41


state 39
	stmt : simple .  (28)

	.  reduce 28


state 40
	simple : call .  (39)
	atom : call .  (50)

	T_else  reduce 39
	T_elsif  reduce 39
	T_end  reduce 39
	T_exit  reduce 39
	T_for  reduce 39
	T_if  reduce 39
	T_return  reduce 39
	T_skip  reduce 39
	T_var  reduce 39
	T_string_const  reduce 39
	T_assign  reduce 50
	T_lsqbracket  reduce 50
	T_colon  reduce 39
	T_semicolon  reduce 39
	T_comma  reduce 39


state 41
	simple : atom . T_assign expr  (38)
	atom : atom . T_lsqbracket expr T_rsqbracket  (49)

	T_assign  shift 71
	T_lsqbracket  shift 72
	.  error


state 42
	var_def : ttype T_var . other_id  (27)
	other_id : .  (19)

	T_comma  shift 73
	T_bool  reduce 19
	T_char  reduce 19
	T_decl  reduce 19
	T_def  reduce 19
	T_exit  reduce 19
	T_for  reduce 19
	T_if  reduce 19
	T_int  reduce 19
	T_list  reduce 19
	T_return  reduce 19
	T_skip  reduce 19
	T_var  reduce 19
	T_string_const  reduce 19

	other_id  goto 74


state 43
	def : func_decl def .  (5)

	.  reduce 5


state 44
	def : var_def def .  (6)

	.  reduce 6


state 45
	myref : T_ref .  (18)

	.  reduce 18


state 46
	header : mytype T_var T_lbracket myformal . T_rbracket  (9)

	T_rbracket  shift 75
	.  error


state 47
	myformal : formal . repformal  (13)
	repformal : .  (14)

	T_semicolon  shift 76
	T_rbracket  reduce 14

	repformal  goto 77


state 48
	formal : myref . ttype T_var other_id  (16)

	T_bool  shift 6
	T_char  shift 7
	T_int  shift 8
	T_list  shift 9
	.  error

	ttype  goto 78


state 49
	simple_list : simple . other_simple  (40)
	other_simple : .  (41)

	T_comma  shift 79
	T_colon  reduce 41
	T_semicolon  reduce 41

	other_simple  goto 80


state 50
	stmt : T_for simple_list . T_semicolon expr T_semicolon simple_list T_colon multi_stmt T_end  (32)

	T_semicolon  shift 81
	.  error


state 51
	expr : T_false .  (69)

	.  reduce 69


state 52
	expr : T_head . T_lbracket expr T_rbracket  (77)

	T_lbracket  shift 82
	.  error


state 53
	expr : T_new . ttype T_lsqbracket expr T_rsqbracket  (73)

	T_bool  shift 6
	T_char  shift 7
	T_int  shift 8
	T_list  shift 9
	.  error

	ttype  goto 83


state 54
	expr : T_nil .  (74)

	.  reduce 74


state 55
	expr : T_is_nil . T_lbracket expr T_rbracket  (75)

	T_lbracket  shift 84
	.  error


state 56
	expr : T_not . expr  (70)

	T_false  shift 51
	T_head  shift 52
	T_new  shift 53
	T_nil  shift 54
	T_is_nil  shift 55
	T_not  shift 56
	T_tail  shift 57
	T_true  shift 58
	T_var  shift 35
	T_int_const  shift 59
	T_char_const  shift 60
	T_string_const  shift 36
	T_minus  shift 61
	T_plus  shift 62
	T_lbracket  shift 63
	.  error

	call  goto 64
	atom  goto 65
	expr  goto 85


state 57
	expr : T_tail . T_lbracket expr T_rbracket  (78)

	T_lbracket  shift 86
	.  error


state 58
	expr : T_true .  (68)

	.  reduce 68


state 59
	expr : T_int_const .  (52)

	.  reduce 52


state 60
	expr : T_char_const .  (53)

	.  reduce 53


state 61
	expr : T_minus . expr  (56)

	T_false  shift 51
	T_head  shift 52
	T_new  shift 53
	T_nil  shift 54
	T_is_nil  shift 55
	T_not  shift 56
	T_tail  shift 57
	T_true  shift 58
	T_var  shift 35
	T_int_const  shift 59
	T_char_const  shift 60
	T_string_const  shift 36
	T_minus  shift 61
	T_plus  shift 62
	T_lbracket  shift 63
	.  error

	call  goto 64
	atom  goto 65
	expr  goto 87


state 62
	expr : T_plus . expr  (55)

	T_false  shift 51
	T_head  shift 52
	T_new  shift 53
	T_nil  shift 54
	T_is_nil  shift 55
	T_not  shift 56
	T_tail  shift 57
	T_true  shift 58
	T_var  shift 35
	T_int_const  shift 59
	T_char_const  shift 60
	T_string_const  shift 36
	T_minus  shift 61
	T_plus  shift 62
	T_lbracket  shift 63
	.  error

	call  goto 64
	atom  goto 65
	expr  goto 88


state 63
	expr : T_lbracket . expr T_rbracket  (54)

	T_false  shift 51
	T_head  shift 52
	T_new  shift 53
	T_nil  shift 54
	T_is_nil  shift 55
	T_not  shift 56
	T_tail  shift 57
	T_true  shift 58
	T_var  shift 35
	T_int_const  shift 59
	T_char_const  shift 60
	T_string_const  shift 36
	T_minus  shift 61
	T_plus  shift 62
	T_lbracket  shift 63
	.  error

	call  goto 64
	atom  goto 65
	expr  goto 89


state 64
	atom : call .  (50)

	.  reduce 50


state 65
	atom : atom . T_lsqbracket expr T_rsqbracket  (49)
	expr : atom .  (51)

	T_lsqbracket  shift 72
	T_and  reduce 51
	T_else  reduce 51
	T_elsif  reduce 51
	T_end  reduce 51
	T_exit  reduce 51
	T_for  reduce 51
	T_if  reduce 51
	T_mod  reduce 51
	T_or  reduce 51
	T_return  reduce 51
	T_skip  reduce 51
	T_var  reduce 51
	T_string_const  reduce 51
	T_eq  reduce 51
	T_minus  reduce 51
	T_plus  reduce 51
	T_times  reduce 51
	T_div  reduce 51
	T_cons  reduce 51
	T_dif  reduce 51
	T_less  reduce 51
	T_greater  reduce 51
	T_less_eq  reduce 51
	T_greater_eq  reduce 51
	T_rbracket  reduce 51
	T_rsqbracket  reduce 51
	T_colon  reduce 51
	T_semicolon  reduce 51
	T_comma  reduce 51


state 66
	stmt : T_if expr . T_colon multi_stmt elsif_stmt else_stmt T_end  (31)
	expr : expr . T_plus expr  (57)
	expr : expr . T_minus expr  (58)
	expr : expr . T_times expr  (59)
	expr : expr . T_div expr  (60)
	expr : expr . T_mod expr  (61)
	expr : expr . T_eq expr  (62)
	expr : expr . T_dif expr  (63)
	expr : expr . T_less expr  (64)
	expr : expr . T_greater expr  (65)
	expr : expr . T_less_eq expr  (66)
	expr : expr . T_greater_eq expr  (67)
	expr : expr . T_and expr  (71)
	expr : expr . T_or expr  (72)
	expr : expr . T_cons expr  (76)

	T_and  shift 90
	T_mod  shift 91
	T_or  shift 92
	T_eq  shift 93
	T_minus  shift 94
	T_plus  shift 95
	T_times  shift 96
	T_div  shift 97
	T_cons  shift 98
	T_dif  shift 99
	T_less  shift 100
	T_greater  shift 101
	T_less_eq  shift 102
	T_greater_eq  shift 103
	T_colon  shift 104
	.  error


state 67
	stmt : T_return expr .  (30)
	expr : expr . T_plus expr  (57)
	expr : expr . T_minus expr  (58)
	expr : expr . T_times expr  (59)
	expr : expr . T_div expr  (60)
	expr : expr . T_mod expr  (61)
	expr : expr . T_eq expr  (62)
	expr : expr . T_dif expr  (63)
	expr : expr . T_less expr  (64)
	expr : expr . T_greater expr  (65)
	expr : expr . T_less_eq expr  (66)
	expr : expr . T_greater_eq expr  (67)
	expr : expr . T_and expr  (71)
	expr : expr . T_or expr  (72)
	expr : expr . T_cons expr  (76)

	T_and  shift 90
	T_mod  shift 91
	T_or  shift 92
	T_eq  shift 93
	T_minus  shift 94
	T_plus  shift 95
	T_times  shift 96
	T_div  shift 97
	T_cons  shift 98
	T_dif  shift 99
	T_less  shift 100
	T_greater  shift 101
	T_less_eq  shift 102
	T_greater_eq  shift 103
	T_else  reduce 30
	T_elsif  reduce 30
	T_end  reduce 30
	T_exit  reduce 30
	T_for  reduce 30
	T_if  reduce 30
	T_return  reduce 30
	T_skip  reduce 30
	T_var  reduce 30
	T_string_const  reduce 30


state 68
	call : T_var T_lbracket . T_rbracket  (43)
	call : T_var T_lbracket . expr other_expr T_rbracket  (44)

	T_false  shift 51
	T_head  shift 52
	T_new  shift 53
	T_nil  shift 54
	T_is_nil  shift 55
	T_not  shift 56
	T_tail  shift 57
	T_true  shift 58
	T_var  shift 35
	T_int_const  shift 59
	T_char_const  shift 60
	T_string_const  shift 36
	T_minus  shift 61
	T_plus  shift 62
	T_lbracket  shift 63
	T_rbracket  shift 105
	.  error

	call  goto 64
	atom  goto 65
	expr  goto 106


state 69
	func_def : T_def header T_colon def multi_stmt T_end .  (2)

	.  reduce 2


state 70
	multi_stmt : stmt multi_stmt .  (8)

	.  reduce 8


state 71
	simple : atom T_assign . expr  (38)

	T_false  shift 51
	T_head  shift 52
	T_new  shift 53
	T_nil  shift 54
	T_is_nil  shift 55
	T_not  shift 56
	T_tail  shift 57
	T_true  shift 58
	T_var  shift 35
	T_int_const  shift 59
	T_char_const  shift 60
	T_string_const  shift 36
	T_minus  shift 61
	T_plus  shift 62
	T_lbracket  shift 63
	.  error

	call  goto 64
	atom  goto 65
	expr  goto 107


state 72
	atom : atom T_lsqbracket . expr T_rsqbracket  (49)

	T_false  shift 51
	T_head  shift 52
	T_new  shift 53
	T_nil  shift 54
	T_is_nil  shift 55
	T_not  shift 56
	T_tail  shift 57
	T_true  shift 58
	T_var  shift 35
	T_int_const  shift 59
	T_char_const  shift 60
	T_string_const  shift 36
	T_minus  shift 61
	T_plus  shift 62
	T_lbracket  shift 63
	.  error

	call  goto 64
	atom  goto 65
	expr  goto 108


state 73
	other_id : T_comma . T_var other_id  (20)

	T_var  shift 109
	.  error


state 74
	var_def : ttype T_var other_id .  (27)

	.  reduce 27


state 75
	header : mytype T_var T_lbracket myformal T_rbracket .  (9)

	.  reduce 9


state 76
	repformal : T_semicolon . formal repformal  (15)
	myref : .  (17)

	T_ref  shift 45
	T_bool  reduce 17
	T_char  reduce 17
	T_int  reduce 17
	T_list  reduce 17

	formal  goto 110
	myref  goto 48


state 77
	myformal : formal repformal .  (13)

	.  reduce 13


state 78
	formal : myref ttype . T_var other_id  (16)
	ttype : ttype . T_lsqbracket T_rsqbracket  (24)

	T_var  shift 111
	T_lsqbracket  shift 17
	.  error


state 79
	other_simple : T_comma . simple other_simple  (42)

	T_skip  shift 34
	T_var  shift 35
	T_string_const  shift 36
	.  error

	simple  goto 112
	call  goto 40
	atom  goto 41


state 80
	simple_list : simple other_simple .  (40)

	.  reduce 40


state 81
	stmt : T_for simple_list T_semicolon . expr T_semicolon simple_list T_colon multi_stmt T_end  (32)

	T_false  shift 51
	T_head  shift 52
	T_new  shift 53
	T_nil  shift 54
	T_is_nil  shift 55
	T_not  shift 56
	T_tail  shift 57
	T_true  shift 58
	T_var  shift 35
	T_int_const  shift 59
	T_char_const  shift 60
	T_string_const  shift 36
	T_minus  shift 61
	T_plus  shift 62
	T_lbracket  shift 63
	.  error

	call  goto 64
	atom  goto 65
	expr  goto 113


state 82
	expr : T_head T_lbracket . expr T_rbracket  (77)

	T_false  shift 51
	T_head  shift 52
	T_new  shift 53
	T_nil  shift 54
	T_is_nil  shift 55
	T_not  shift 56
	T_tail  shift 57
	T_true  shift 58
	T_var  shift 35
	T_int_const  shift 59
	T_char_const  shift 60
	T_string_const  shift 36
	T_minus  shift 61
	T_plus  shift 62
	T_lbracket  shift 63
	.  error

	call  goto 64
	atom  goto 65
	expr  goto 114


state 83
	ttype : ttype . T_lsqbracket T_rsqbracket  (24)
	expr : T_new ttype . T_lsqbracket expr T_rsqbracket  (73)

	T_lsqbracket  shift 115
	.  error


state 84
	expr : T_is_nil T_lbracket . expr T_rbracket  (75)

	T_false  shift 51
	T_head  shift 52
	T_new  shift 53
	T_nil  shift 54
	T_is_nil  shift 55
	T_not  shift 56
	T_tail  shift 57
	T_true  shift 58
	T_var  shift 35
	T_int_const  shift 59
	T_char_const  shift 60
	T_string_const  shift 36
	T_minus  shift 61
	T_plus  shift 62
	T_lbracket  shift 63
	.  error

	call  goto 64
	atom  goto 65
	expr  goto 116


state 85
	expr : expr . T_plus expr  (57)
	expr : expr . T_minus expr  (58)
	expr : expr . T_times expr  (59)
	expr : expr . T_div expr  (60)
	expr : expr . T_mod expr  (61)
	expr : expr . T_eq expr  (62)
	expr : expr . T_dif expr  (63)
	expr : expr . T_less expr  (64)
	expr : expr . T_greater expr  (65)
	expr : expr . T_less_eq expr  (66)
	expr : expr . T_greater_eq expr  (67)
	expr : T_not expr .  (70)
	expr : expr . T_and expr  (71)
	expr : expr . T_or expr  (72)
	expr : expr . T_cons expr  (76)

	T_mod  shift 91
	T_eq  shift 93
	T_minus  shift 94
	T_plus  shift 95
	T_times  shift 96
	T_div  shift 97
	T_cons  shift 98
	T_dif  shift 99
	T_less  shift 100
	T_greater  shift 101
	T_less_eq  shift 102
	T_greater_eq  shift 103
	T_and  reduce 70
	T_else  reduce 70
	T_elsif  reduce 70
	T_end  reduce 70
	T_exit  reduce 70
	T_for  reduce 70
	T_if  reduce 70
	T_or  reduce 70
	T_return  reduce 70
	T_skip  reduce 70
	T_var  reduce 70
	T_string_const  reduce 70
	T_rbracket  reduce 70
	T_rsqbracket  reduce 70
	T_colon  reduce 70
	T_semicolon  reduce 70
	T_comma  reduce 70


state 86
	expr : T_tail T_lbracket . expr T_rbracket  (78)

	T_false  shift 51
	T_head  shift 52
	T_new  shift 53
	T_nil  shift 54
	T_is_nil  shift 55
	T_not  shift 56
	T_tail  shift 57
	T_true  shift 58
	T_var  shift 35
	T_int_const  shift 59
	T_char_const  shift 60
	T_string_const  shift 36
	T_minus  shift 61
	T_plus  shift 62
	T_lbracket  shift 63
	.  error

	call  goto 64
	atom  goto 65
	expr  goto 117


state 87
	expr : T_minus expr .  (56)
	expr : expr . T_plus expr  (57)
	expr : expr . T_minus expr  (58)
	expr : expr . T_times expr  (59)
	expr : expr . T_div expr  (60)
	expr : expr . T_mod expr  (61)
	expr : expr . T_eq expr  (62)
	expr : expr . T_dif expr  (63)
	expr : expr . T_less expr  (64)
	expr : expr . T_greater expr  (65)
	expr : expr . T_less_eq expr  (66)
	expr : expr . T_greater_eq expr  (67)
	expr : expr . T_and expr  (71)
	expr : expr . T_or expr  (72)
	expr : expr . T_cons expr  (76)

	.  reduce 56


state 88
	expr : T_plus expr .  (55)
	expr : expr . T_plus expr  (57)
	expr : expr . T_minus expr  (58)
	expr : expr . T_times expr  (59)
	expr : expr . T_div expr  (60)
	expr : expr . T_mod expr  (61)
	expr : expr . T_eq expr  (62)
	expr : expr . T_dif expr  (63)
	expr : expr . T_less expr  (64)
	expr : expr . T_greater expr  (65)
	expr : expr . T_less_eq expr  (66)
	expr : expr . T_greater_eq expr  (67)
	expr : expr . T_and expr  (71)
	expr : expr . T_or expr  (72)
	expr : expr . T_cons expr  (76)

	.  reduce 55


state 89
	expr : T_lbracket expr . T_rbracket  (54)
	expr : expr . T_plus expr  (57)
	expr : expr . T_minus expr  (58)
	expr : expr . T_times expr  (59)
	expr : expr . T_div expr  (60)
	expr : expr . T_mod expr  (61)
	expr : expr . T_eq expr  (62)
	expr : expr . T_dif expr  (63)
	expr : expr . T_less expr  (64)
	expr : expr . T_greater expr  (65)
	expr : expr . T_less_eq expr  (66)
	expr : expr . T_greater_eq expr  (67)
	expr : expr . T_and expr  (71)
	expr : expr . T_or expr  (72)
	expr : expr . T_cons expr  (76)

	T_and  shift 90
	T_mod  shift 91
	T_or  shift 92
	T_eq  shift 93
	T_minus  shift 94
	T_plus  shift 95
	T_times  shift 96
	T_div  shift 97
	T_cons  shift 98
	T_dif  shift 99
	T_less  shift 100
	T_greater  shift 101
	T_less_eq  shift 102
	T_greater_eq  shift 103
	T_rbracket  shift 118
	.  error


state 90
	expr : expr T_and . expr  (71)

	T_false  shift 51
	T_head  shift 52
	T_new  shift 53
	T_nil  shift 54
	T_is_nil  shift 55
	T_not  shift 56
	T_tail  shift 57
	T_true  shift 58
	T_var  shift 35
	T_int_const  shift 59
	T_char_const  shift 60
	T_string_const  shift 36
	T_minus  shift 61
	T_plus  shift 62
	T_lbracket  shift 63
	.  error

	call  goto 64
	atom  goto 65
	expr  goto 119


state 91
	expr : expr T_mod . expr  (61)

	T_false  shift 51
	T_head  shift 52
	T_new  shift 53
	T_nil  shift 54
	T_is_nil  shift 55
	T_not  shift 56
	T_tail  shift 57
	T_true  shift 58
	T_var  shift 35
	T_int_const  shift 59
	T_char_const  shift 60
	T_string_const  shift 36
	T_minus  shift 61
	T_plus  shift 62
	T_lbracket  shift 63
	.  error

	call  goto 64
	atom  goto 65
	expr  goto 120


state 92
	expr : expr T_or . expr  (72)

	T_false  shift 51
	T_head  shift 52
	T_new  shift 53
	T_nil  shift 54
	T_is_nil  shift 55
	T_not  shift 56
	T_tail  shift 57
	T_true  shift 58
	T_var  shift 35
	T_int_const  shift 59
	T_char_const  shift 60
	T_string_const  shift 36
	T_minus  shift 61
	T_plus  shift 62
	T_lbracket  shift 63
	.  error

	call  goto 64
	atom  goto 65
	expr  goto 121


state 93
	expr : expr T_eq . expr  (62)

	T_false  shift 51
	T_head  shift 52
	T_new  shift 53
	T_nil  shift 54
	T_is_nil  shift 55
	T_not  shift 56
	T_tail  shift 57
	T_true  shift 58
	T_var  shift 35
	T_int_const  shift 59
	T_char_const  shift 60
	T_string_const  shift 36
	T_minus  shift 61
	T_plus  shift 62
	T_lbracket  shift 63
	.  error

	call  goto 64
	atom  goto 65
	expr  goto 122


state 94
	expr : expr T_minus . expr  (58)

	T_false  shift 51
	T_head  shift 52
	T_new  shift 53
	T_nil  shift 54
	T_is_nil  shift 55
	T_not  shift 56
	T_tail  shift 57
	T_true  shift 58
	T_var  shift 35
	T_int_const  shift 59
	T_char_const  shift 60
	T_string_const  shift 36
	T_minus  shift 61
	T_plus  shift 62
	T_lbracket  shift 63
	.  error

	call  goto 64
	atom  goto 65
	expr  goto 123


state 95
	expr : expr T_plus . expr  (57)

	T_false  shift 51
	T_head  shift 52
	T_new  shift 53
	T_nil  shift 54
	T_is_nil  shift 55
	T_not  shift 56
	T_tail  shift 57
	T_true  shift 58
	T_var  shift 35
	T_int_const  shift 59
	T_char_const  shift 60
	T_string_const  shift 36
	T_minus  shift 61
	T_plus  shift 62
	T_lbracket  shift 63
	.  error

	call  goto 64
	atom  goto 65
	expr  goto 124


state 96
	expr : expr T_times . expr  (59)

	T_false  shift 51
	T_head  shift 52
	T_new  shift 53
	T_nil  shift 54
	T_is_nil  shift 55
	T_not  shift 56
	T_tail  shift 57
	T_true  shift 58
	T_var  shift 35
	T_int_const  shift 59
	T_char_const  shift 60
	T_string_const  shift 36
	T_minus  shift 61
	T_plus  shift 62
	T_lbracket  shift 63
	.  error

	call  goto 64
	atom  goto 65
	expr  goto 125


state 97
	expr : expr T_div . expr  (60)

	T_false  shift 51
	T_head  shift 52
	T_new  shift 53
	T_nil  shift 54
	T_is_nil  shift 55
	T_not  shift 56
	T_tail  shift 57
	T_true  shift 58
	T_var  shift 35
	T_int_const  shift 59
	T_char_const  shift 60
	T_string_const  shift 36
	T_minus  shift 61
	T_plus  shift 62
	T_lbracket  shift 63
	.  error

	call  goto 64
	atom  goto 65
	expr  goto 126


state 98
	expr : expr T_cons . expr  (76)

	T_false  shift 51
	T_head  shift 52
	T_new  shift 53
	T_nil  shift 54
	T_is_nil  shift 55
	T_not  shift 56
	T_tail  shift 57
	T_true  shift 58
	T_var  shift 35
	T_int_const  shift 59
	T_char_const  shift 60
	T_string_const  shift 36
	T_minus  shift 61
	T_plus  shift 62
	T_lbracket  shift 63
	.  error

	call  goto 64
	atom  goto 65
	expr  goto 127


state 99
	expr : expr T_dif . expr  (63)

	T_false  shift 51
	T_head  shift 52
	T_new  shift 53
	T_nil  shift 54
	T_is_nil  shift 55
	T_not  shift 56
	T_tail  shift 57
	T_true  shift 58
	T_var  shift 35
	T_int_const  shift 59
	T_char_const  shift 60
	T_string_const  shift 36
	T_minus  shift 61
	T_plus  shift 62
	T_lbracket  shift 63
	.  error

	call  goto 64
	atom  goto 65
	expr  goto 128


state 100
	expr : expr T_less . expr  (64)

	T_false  shift 51
	T_head  shift 52
	T_new  shift 53
	T_nil  shift 54
	T_is_nil  shift 55
	T_not  shift 56
	T_tail  shift 57
	T_true  shift 58
	T_var  shift 35
	T_int_const  shift 59
	T_char_const  shift 60
	T_string_const  shift 36
	T_minus  shift 61
	T_plus  shift 62
	T_lbracket  shift 63
	.  error

	call  goto 64
	atom  goto 65
	expr  goto 129


state 101
	expr : expr T_greater . expr  (65)

	T_false  shift 51
	T_head  shift 52
	T_new  shift 53
	T_nil  shift 54
	T_is_nil  shift 55
	T_not  shift 56
	T_tail  shift 57
	T_true  shift 58
	T_var  shift 35
	T_int_const  shift 59
	T_char_const  shift 60
	T_string_const  shift 36
	T_minus  shift 61
	T_plus  shift 62
	T_lbracket  shift 63
	.  error

	call  goto 64
	atom  goto 65
	expr  goto 130


state 102
	expr : expr T_less_eq . expr  (66)

	T_false  shift 51
	T_head  shift 52
	T_new  shift 53
	T_nil  shift 54
	T_is_nil  shift 55
	T_not  shift 56
	T_tail  shift 57
	T_true  shift 58
	T_var  shift 35
	T_int_const  shift 59
	T_char_const  shift 60
	T_string_const  shift 36
	T_minus  shift 61
	T_plus  shift 62
	T_lbracket  shift 63
	.  error

	call  goto 64
	atom  goto 65
	expr  goto 131


state 103
	expr : expr T_greater_eq . expr  (67)

	T_false  shift 51
	T_head  shift 52
	T_new  shift 53
	T_nil  shift 54
	T_is_nil  shift 55
	T_not  shift 56
	T_tail  shift 57
	T_true  shift 58
	T_var  shift 35
	T_int_const  shift 59
	T_char_const  shift 60
	T_string_const  shift 36
	T_minus  shift 61
	T_plus  shift 62
	T_lbracket  shift 63
	.  error

	call  goto 64
	atom  goto 65
	expr  goto 132


state 104
	stmt : T_if expr T_colon . multi_stmt elsif_stmt else_stmt T_end  (31)

	T_exit  shift 30
	T_for  shift 31
	T_if  shift 32
	T_return  shift 33
	T_skip  shift 34
	T_var  shift 35
	T_string_const  shift 36
	.  error

	multi_stmt  goto 133
	stmt  goto 38
	simple  goto 39
	call  goto 40
	atom  goto 41


state 105
	call : T_var T_lbracket T_rbracket .  (43)

	.  reduce 43


state 106
	call : T_var T_lbracket expr . other_expr T_rbracket  (44)
	expr : expr . T_plus expr  (57)
	expr : expr . T_minus expr  (58)
	expr : expr . T_times expr  (59)
	expr : expr . T_div expr  (60)
	expr : expr . T_mod expr  (61)
	expr : expr . T_eq expr  (62)
	expr : expr . T_dif expr  (63)
	expr : expr . T_less expr  (64)
	expr : expr . T_greater expr  (65)
	expr : expr . T_less_eq expr  (66)
	expr : expr . T_greater_eq expr  (67)
	expr : expr . T_and expr  (71)
	expr : expr . T_or expr  (72)
	expr : expr . T_cons expr  (76)
	other_expr : .  (45)

	T_and  shift 90
	T_mod  shift 91
	T_or  shift 92
	T_eq  shift 93
	T_minus  shift 94
	T_plus  shift 95
	T_times  shift 96
	T_div  shift 97
	T_cons  shift 98
	T_dif  shift 99
	T_less  shift 100
	T_greater  shift 101
	T_less_eq  shift 102
	T_greater_eq  shift 103
	T_comma  shift 134
	T_rbracket  reduce 45

	other_expr  goto 135


state 107
	simple : atom T_assign expr .  (38)
	expr : expr . T_plus expr  (57)
	expr : expr . T_minus expr  (58)
	expr : expr . T_times expr  (59)
	expr : expr . T_div expr  (60)
	expr : expr . T_mod expr  (61)
	expr : expr . T_eq expr  (62)
	expr : expr . T_dif expr  (63)
	expr : expr . T_less expr  (64)
	expr : expr . T_greater expr  (65)
	expr : expr . T_less_eq expr  (66)
	expr : expr . T_greater_eq expr  (67)
	expr : expr . T_and expr  (71)
	expr : expr . T_or expr  (72)
	expr : expr . T_cons expr  (76)

	T_and  shift 90
	T_mod  shift 91
	T_or  shift 92
	T_eq  shift 93
	T_minus  shift 94
	T_plus  shift 95
	T_times  shift 96
	T_div  shift 97
	T_cons  shift 98
	T_dif  shift 99
	T_less  shift 100
	T_greater  shift 101
	T_less_eq  shift 102
	T_greater_eq  shift 103
	T_else  reduce 38
	T_elsif  reduce 38
	T_end  reduce 38
	T_exit  reduce 38
	T_for  reduce 38
	T_if  reduce 38
	T_return  reduce 38
	T_skip  reduce 38
	T_var  reduce 38
	T_string_const  reduce 38
	T_colon  reduce 38
	T_semicolon  reduce 38
	T_comma  reduce 38


state 108
	atom : atom T_lsqbracket expr . T_rsqbracket  (49)
	expr : expr . T_plus expr  (57)
	expr : expr . T_minus expr  (58)
	expr : expr . T_times expr  (59)
	expr : expr . T_div expr  (60)
	expr : expr . T_mod expr  (61)
	expr : expr . T_eq expr  (62)
	expr : expr . T_dif expr  (63)
	expr : expr . T_less expr  (64)
	expr : expr . T_greater expr  (65)
	expr : expr . T_less_eq expr  (66)
	expr : expr . T_greater_eq expr  (67)
	expr : expr . T_and expr  (71)
	expr : expr . T_or expr  (72)
	expr : expr . T_cons expr  (76)

	T_and  shift 90
	T_mod  shift 91
	T_or  shift 92
	T_eq  shift 93
	T_minus  shift 94
	T_plus  shift 95
	T_times  shift 96
	T_div  shift 97
	T_cons  shift 98
	T_dif  shift 99
	T_less  shift 100
	T_greater  shift 101
	T_less_eq  shift 102
	T_greater_eq  shift 103
	T_rsqbracket  shift 136
	.  error


state 109
	other_id : T_comma T_var . other_id  (20)
	other_id : .  (19)

	T_comma  shift 73
	T_bool  reduce 19
	T_char  reduce 19
	T_decl  reduce 19
	T_def  reduce 19
	T_exit  reduce 19
	T_for  reduce 19
	T_if  reduce 19
	T_int  reduce 19
	T_list  reduce 19
	T_return  reduce 19
	T_skip  reduce 19
	T_var  reduce 19
	T_string_const  reduce 19
	T_rbracket  reduce 19
	T_semicolon  reduce 19

	other_id  goto 137


state 110
	repformal : T_semicolon formal . repformal  (15)
	repformal : .  (14)

	T_semicolon  shift 76
	T_rbracket  reduce 14

	repformal  goto 138


state 111
	formal : myref ttype T_var . other_id  (16)
	other_id : .  (19)

	T_comma  shift 73
	T_rbracket  reduce 19
	T_semicolon  reduce 19

	other_id  goto 139


state 112
	other_simple : T_comma simple . other_simple  (42)
	other_simple : .  (41)

	T_comma  shift 79
	T_colon  reduce 41
	T_semicolon  reduce 41

	other_simple  goto 140


state 113
	stmt : T_for simple_list T_semicolon expr . T_semicolon simple_list T_colon multi_stmt T_end  (32)
	expr : expr . T_plus expr  (57)
	expr : expr . T_minus expr  (58)
	expr : expr . T_times expr  (59)
	expr : expr . T_div expr  (60)
	expr : expr . T_mod expr  (61)
	expr : expr . T_eq expr  (62)
	expr : expr . T_dif expr  (63)
	expr : expr . T_less expr  (64)
	expr : expr . T_greater expr  (65)
	expr : expr . T_less_eq expr  (66)
	expr : expr . T_greater_eq expr  (67)
	expr : expr . T_and expr  (71)
	expr : expr . T_or expr  (72)
	expr : expr . T_cons expr  (76)

	T_and  shift 90
	T_mod  shift 91
	T_or  shift 92
	T_eq  shift 93
	T_minus  shift 94
	T_plus  shift 95
	T_times  shift 96
	T_div  shift 97
	T_cons  shift 98
	T_dif  shift 99
	T_less  shift 100
	T_greater  shift 101
	T_less_eq  shift 102
	T_greater_eq  shift 103
	T_semicolon  shift 141
	.  error


state 114
	expr : expr . T_plus expr  (57)
	expr : expr . T_minus expr  (58)
	expr : expr . T_times expr  (59)
	expr : expr . T_div expr  (60)
	expr : expr . T_mod expr  (61)
	expr : expr . T_eq expr  (62)
	expr : expr . T_dif expr  (63)
	expr : expr . T_less expr  (64)
	expr : expr . T_greater expr  (65)
	expr : expr . T_less_eq expr  (66)
	expr : expr . T_greater_eq expr  (67)
	expr : expr . T_and expr  (71)
	expr : expr . T_or expr  (72)
	expr : expr . T_cons expr  (76)
	expr : T_head T_lbracket expr . T_rbracket  (77)

	T_and  shift 90
	T_mod  shift 91
	T_or  shift 92
	T_eq  shift 93
	T_minus  shift 94
	T_plus  shift 95
	T_times  shift 96
	T_div  shift 97
	T_cons  shift 98
	T_dif  shift 99
	T_less  shift 100
	T_greater  shift 101
	T_less_eq  shift 102
	T_greater_eq  shift 103
	T_rbracket  shift 142
	.  error


state 115
	ttype : ttype T_lsqbracket . T_rsqbracket  (24)
	expr : T_new ttype T_lsqbracket . expr T_rsqbracket  (73)

	T_false  shift 51
	T_head  shift 52
	T_new  shift 53
	T_nil  shift 54
	T_is_nil  shift 55
	T_not  shift 56
	T_tail  shift 57
	T_true  shift 58
	T_var  shift 35
	T_int_const  shift 59
	T_char_const  shift 60
	T_string_const  shift 36
	T_minus  shift 61
	T_plus  shift 62
	T_lbracket  shift 63
	T_rsqbracket  shift 26
	.  error

	call  goto 64
	atom  goto 65
	expr  goto 143


state 116
	expr : expr . T_plus expr  (57)
	expr : expr . T_minus expr  (58)
	expr : expr . T_times expr  (59)
	expr : expr . T_div expr  (60)
	expr : expr . T_mod expr  (61)
	expr : expr . T_eq expr  (62)
	expr : expr . T_dif expr  (63)
	expr : expr . T_less expr  (64)
	expr : expr . T_greater expr  (65)
	expr : expr . T_less_eq expr  (66)
	expr : expr . T_greater_eq expr  (67)
	expr : expr . T_and expr  (71)
	expr : expr . T_or expr  (72)
	expr : T_is_nil T_lbracket expr . T_rbracket  (75)
	expr : expr . T_cons expr  (76)

	T_and  shift 90
	T_mod  shift 91
	T_or  shift 92
	T_eq  shift 93
	T_minus  shift 94
	T_plus  shift 95
	T_times  shift 96
	T_div  shift 97
	T_cons  shift 98
	T_dif  shift 99
	T_less  shift 100
	T_greater  shift 101
	T_less_eq  shift 102
	T_greater_eq  shift 103
	T_rbracket  shift 144
	.  error


state 117
	expr : expr . T_plus expr  (57)
	expr : expr . T_minus expr  (58)
	expr : expr . T_times expr  (59)
	expr : expr . T_div expr  (60)
	expr : expr . T_mod expr  (61)
	expr : expr . T_eq expr  (62)
	expr : expr . T_dif expr  (63)
	expr : expr . T_less expr  (64)
	expr : expr . T_greater expr  (65)
	expr : expr . T_less_eq expr  (66)
	expr : expr . T_greater_eq expr  (67)
	expr : expr . T_and expr  (71)
	expr : expr . T_or expr  (72)
	expr : expr . T_cons expr  (76)
	expr : T_tail T_lbracket expr . T_rbracket  (78)

	T_and  shift 90
	T_mod  shift 91
	T_or  shift 92
	T_eq  shift 93
	T_minus  shift 94
	T_plus  shift 95
	T_times  shift 96
	T_div  shift 97
	T_cons  shift 98
	T_dif  shift 99
	T_less  shift 100
	T_greater  shift 101
	T_less_eq  shift 102
	T_greater_eq  shift 103
	T_rbracket  shift 145
	.  error


state 118
	expr : T_lbracket expr T_rbracket .  (54)

	.  reduce 54


state 119
	expr : expr . T_plus expr  (57)
	expr : expr . T_minus expr  (58)
	expr : expr . T_times expr  (59)
	expr : expr . T_div expr  (60)
	expr : expr . T_mod expr  (61)
	expr : expr . T_eq expr  (62)
	expr : expr . T_dif expr  (63)
	expr : expr . T_less expr  (64)
	expr : expr . T_greater expr  (65)
	expr : expr . T_less_eq expr  (66)
	expr : expr . T_greater_eq expr  (67)
	expr : expr . T_and expr  (71)
	expr : expr T_and expr .  (71)
	expr : expr . T_or expr  (72)
	expr : expr . T_cons expr  (76)

	T_mod  shift 91
	T_eq  shift 93
	T_minus  shift 94
	T_plus  shift 95
	T_times  shift 96
	T_div  shift 97
	T_cons  shift 98
	T_dif  shift 99
	T_less  shift 100
	T_greater  shift 101
	T_less_eq  shift 102
	T_greater_eq  shift 103
	T_and  reduce 71
	T_else  reduce 71
	T_elsif  reduce 71
	T_end  reduce 71
	T_exit  reduce 71
	T_for  reduce 71
	T_if  reduce 71
	T_or  reduce 71
	T_return  reduce 71
	T_skip  reduce 71
	T_var  reduce 71
	T_string_const  reduce 71
	T_rbracket  reduce 71
	T_rsqbracket  reduce 71
	T_colon  reduce 71
	T_semicolon  reduce 71
	T_comma  reduce 71


state 120
	expr : expr . T_plus expr  (57)
	expr : expr . T_minus expr  (58)
	expr : expr . T_times expr  (59)
	expr : expr . T_div expr  (60)
	expr : expr . T_mod expr  (61)
	expr : expr T_mod expr .  (61)
	expr : expr . T_eq expr  (62)
	expr : expr . T_dif expr  (63)
	expr : expr . T_less expr  (64)
	expr : expr . T_greater expr  (65)
	expr : expr . T_less_eq expr  (66)
	expr : expr . T_greater_eq expr  (67)
	expr : expr . T_and expr  (71)
	expr : expr . T_or expr  (72)
	expr : expr . T_cons expr  (76)

	.  reduce 61


state 121
	expr : expr . T_plus expr  (57)
	expr : expr . T_minus expr  (58)
	expr : expr . T_times expr  (59)
	expr : expr . T_div expr  (60)
	expr : expr . T_mod expr  (61)
	expr : expr . T_eq expr  (62)
	expr : expr . T_dif expr  (63)
	expr : expr . T_less expr  (64)
	expr : expr . T_greater expr  (65)
	expr : expr . T_less_eq expr  (66)
	expr : expr . T_greater_eq expr  (67)
	expr : expr . T_and expr  (71)
	expr : expr . T_or expr  (72)
	expr : expr T_or expr .  (72)
	expr : expr . T_cons expr  (76)

	T_and  shift 90
	T_mod  shift 91
	T_eq  shift 93
	T_minus  shift 94
	T_plus  shift 95
	T_times  shift 96
	T_div  shift 97
	T_cons  shift 98
	T_dif  shift 99
	T_less  shift 100
	T_greater  shift 101
	T_less_eq  shift 102
	T_greater_eq  shift 103
	T_else  reduce 72
	T_elsif  reduce 72
	T_end  reduce 72
	T_exit  reduce 72
	T_for  reduce 72
	T_if  reduce 72
	T_or  reduce 72
	T_return  reduce 72
	T_skip  reduce 72
	T_var  reduce 72
	T_string_const  reduce 72
	T_rbracket  reduce 72
	T_rsqbracket  reduce 72
	T_colon  reduce 72
	T_semicolon  reduce 72
	T_comma  reduce 72


state 122
	expr : expr . T_plus expr  (57)
	expr : expr . T_minus expr  (58)
	expr : expr . T_times expr  (59)
	expr : expr . T_div expr  (60)
	expr : expr . T_mod expr  (61)
	expr : expr . T_eq expr  (62)
	expr : expr T_eq expr .  (62)
	expr : expr . T_dif expr  (63)
	expr : expr . T_less expr  (64)
	expr : expr . T_greater expr  (65)
	expr : expr . T_less_eq expr  (66)
	expr : expr . T_greater_eq expr  (67)
	expr : expr . T_and expr  (71)
	expr : expr . T_or expr  (72)
	expr : expr . T_cons expr  (76)

	T_mod  shift 91
	T_minus  shift 94
	T_plus  shift 95
	T_times  shift 96
	T_div  shift 97
	T_cons  shift 98
	T_and  reduce 62
	T_else  reduce 62
	T_elsif  reduce 62
	T_end  reduce 62
	T_exit  reduce 62
	T_for  reduce 62
	T_if  reduce 62
	T_or  reduce 62
	T_return  reduce 62
	T_skip  reduce 62
	T_var  reduce 62
	T_string_const  reduce 62
	T_rbracket  reduce 62
	T_rsqbracket  reduce 62
	T_colon  reduce 62
	T_semicolon  reduce 62
	T_comma  reduce 62


state 123
	expr : expr . T_plus expr  (57)
	expr : expr . T_minus expr  (58)
	expr : expr T_minus expr .  (58)
	expr : expr . T_times expr  (59)
	expr : expr . T_div expr  (60)
	expr : expr . T_mod expr  (61)
	expr : expr . T_eq expr  (62)
	expr : expr . T_dif expr  (63)
	expr : expr . T_less expr  (64)
	expr : expr . T_greater expr  (65)
	expr : expr . T_less_eq expr  (66)
	expr : expr . T_greater_eq expr  (67)
	expr : expr . T_and expr  (71)
	expr : expr . T_or expr  (72)
	expr : expr . T_cons expr  (76)

	T_mod  shift 91
	T_times  shift 96
	T_div  shift 97
	T_and  reduce 58
	T_else  reduce 58
	T_elsif  reduce 58
	T_end  reduce 58
	T_exit  reduce 58
	T_for  reduce 58
	T_if  reduce 58
	T_or  reduce 58
	T_return  reduce 58
	T_skip  reduce 58
	T_var  reduce 58
	T_string_const  reduce 58
	T_eq  reduce 58
	T_minus  reduce 58
	T_plus  reduce 58
	T_cons  reduce 58
	T_dif  reduce 58
	T_less  reduce 58
	T_greater  reduce 58
	T_less_eq  reduce 58
	T_greater_eq  reduce 58
	T_rbracket  reduce 58
	T_rsqbracket  reduce 58
	T_colon  reduce 58
	T_semicolon  reduce 58
	T_comma  reduce 58


state 124
	expr : expr . T_plus expr  (57)
	expr : expr T_plus expr .  (57)
	expr : expr . T_minus expr  (58)
	expr : expr . T_times expr  (59)
	expr : expr . T_div expr  (60)
	expr : expr . T_mod expr  (61)
	expr : expr . T_eq expr  (62)
	expr : expr . T_dif expr  (63)
	expr : expr . T_less expr  (64)
	expr : expr . T_greater expr  (65)
	expr : expr . T_less_eq expr  (66)
	expr : expr . T_greater_eq expr  (67)
	expr : expr . T_and expr  (71)
	expr : expr . T_or expr  (72)
	expr : expr . T_cons expr  (76)

	T_mod  shift 91
	T_times  shift 96
	T_div  shift 97
	T_and  reduce 57
	T_else  reduce 57
	T_elsif  reduce 57
	T_end  reduce 57
	T_exit  reduce 57
	T_for  reduce 57
	T_if  reduce 57
	T_or  reduce 57
	T_return  reduce 57
	T_skip  reduce 57
	T_var  reduce 57
	T_string_const  reduce 57
	T_eq  reduce 57
	T_minus  reduce 57
	T_plus  reduce 57
	T_cons  reduce 57
	T_dif  reduce 57
	T_less  reduce 57
	T_greater  reduce 57
	T_less_eq  reduce 57
	T_greater_eq  reduce 57
	T_rbracket  reduce 57
	T_rsqbracket  reduce 57
	T_colon  reduce 57
	T_semicolon  reduce 57
	T_comma  reduce 57


state 125
	expr : expr . T_plus expr  (57)
	expr : expr . T_minus expr  (58)
	expr : expr . T_times expr  (59)
	expr : expr T_times expr .  (59)
	expr : expr . T_div expr  (60)
	expr : expr . T_mod expr  (61)
	expr : expr . T_eq expr  (62)
	expr : expr . T_dif expr  (63)
	expr : expr . T_less expr  (64)
	expr : expr . T_greater expr  (65)
	expr : expr . T_less_eq expr  (66)
	expr : expr . T_greater_eq expr  (67)
	expr : expr . T_and expr  (71)
	expr : expr . T_or expr  (72)
	expr : expr . T_cons expr  (76)

	.  reduce 59


state 126
	expr : expr . T_plus expr  (57)
	expr : expr . T_minus expr  (58)
	expr : expr . T_times expr  (59)
	expr : expr . T_div expr  (60)
	expr : expr T_div expr .  (60)
	expr : expr . T_mod expr  (61)
	expr : expr . T_eq expr  (62)
	expr : expr . T_dif expr  (63)
	expr : expr . T_less expr  (64)
	expr : expr . T_greater expr  (65)
	expr : expr . T_less_eq expr  (66)
	expr : expr . T_greater_eq expr  (67)
	expr : expr . T_and expr  (71)
	expr : expr . T_or expr  (72)
	expr : expr . T_cons expr  (76)

	.  reduce 60


state 127
	expr : expr . T_plus expr  (57)
	expr : expr . T_minus expr  (58)
	expr : expr . T_times expr  (59)
	expr : expr . T_div expr  (60)
	expr : expr . T_mod expr  (61)
	expr : expr . T_eq expr  (62)
	expr : expr . T_dif expr  (63)
	expr : expr . T_less expr  (64)
	expr : expr . T_greater expr  (65)
	expr : expr . T_less_eq expr  (66)
	expr : expr . T_greater_eq expr  (67)
	expr : expr . T_and expr  (71)
	expr : expr . T_or expr  (72)
	expr : expr . T_cons expr  (76)
	expr : expr T_cons expr .  (76)

	T_mod  shift 91
	T_minus  shift 94
	T_plus  shift 95
	T_times  shift 96
	T_div  shift 97
	T_cons  shift 98
	T_and  reduce 76
	T_else  reduce 76
	T_elsif  reduce 76
	T_end  reduce 76
	T_exit  reduce 76
	T_for  reduce 76
	T_if  reduce 76
	T_or  reduce 76
	T_return  reduce 76
	T_skip  reduce 76
	T_var  reduce 76
	T_string_const  reduce 76
	T_eq  reduce 76
	T_dif  reduce 76
	T_less  reduce 76
	T_greater  reduce 76
	T_less_eq  reduce 76
	T_greater_eq  reduce 76
	T_rbracket  reduce 76
	T_rsqbracket  reduce 76
	T_colon  reduce 76
	T_semicolon  reduce 76
	T_comma  reduce 76


state 128
	expr : expr . T_plus expr  (57)
	expr : expr . T_minus expr  (58)
	expr : expr . T_times expr  (59)
	expr : expr . T_div expr  (60)
	expr : expr . T_mod expr  (61)
	expr : expr . T_eq expr  (62)
	expr : expr . T_dif expr  (63)
	expr : expr T_dif expr .  (63)
	expr : expr . T_less expr  (64)
	expr : expr . T_greater expr  (65)
	expr : expr . T_less_eq expr  (66)
	expr : expr . T_greater_eq expr  (67)
	expr : expr . T_and expr  (71)
	expr : expr . T_or expr  (72)
	expr : expr . T_cons expr  (76)

	T_mod  shift 91
	T_minus  shift 94
	T_plus  shift 95
	T_times  shift 96
	T_div  shift 97
	T_cons  shift 98
	T_and  reduce 63
	T_else  reduce 63
	T_elsif  reduce 63
	T_end  reduce 63
	T_exit  reduce 63
	T_for  reduce 63
	T_if  reduce 63
	T_or  reduce 63
	T_return  reduce 63
	T_skip  reduce 63
	T_var  reduce 63
	T_string_const  reduce 63
	T_rbracket  reduce 63
	T_rsqbracket  reduce 63
	T_colon  reduce 63
	T_semicolon  reduce 63
	T_comma  reduce 63


state 129
	expr : expr . T_plus expr  (57)
	expr : expr . T_minus expr  (58)
	expr : expr . T_times expr  (59)
	expr : expr . T_div expr  (60)
	expr : expr . T_mod expr  (61)
	expr : expr . T_eq expr  (62)
	expr : expr . T_dif expr  (63)
	expr : expr . T_less expr  (64)
	expr : expr T_less expr .  (64)
	expr : expr . T_greater expr  (65)
	expr : expr . T_less_eq expr  (66)
	expr : expr . T_greater_eq expr  (67)
	expr : expr . T_and expr  (71)
	expr : expr . T_or expr  (72)
	expr : expr . T_cons expr  (76)

	T_mod  shift 91
	T_minus  shift 94
	T_plus  shift 95
	T_times  shift 96
	T_div  shift 97
	T_cons  shift 98
	T_and  reduce 64
	T_else  reduce 64
	T_elsif  reduce 64
	T_end  reduce 64
	T_exit  reduce 64
	T_for  reduce 64
	T_if  reduce 64
	T_or  reduce 64
	T_return  reduce 64
	T_skip  reduce 64
	T_var  reduce 64
	T_string_const  reduce 64
	T_rbracket  reduce 64
	T_rsqbracket  reduce 64
	T_colon  reduce 64
	T_semicolon  reduce 64
	T_comma  reduce 64


state 130
	expr : expr . T_plus expr  (57)
	expr : expr . T_minus expr  (58)
	expr : expr . T_times expr  (59)
	expr : expr . T_div expr  (60)
	expr : expr . T_mod expr  (61)
	expr : expr . T_eq expr  (62)
	expr : expr . T_dif expr  (63)
	expr : expr . T_less expr  (64)
	expr : expr . T_greater expr  (65)
	expr : expr T_greater expr .  (65)
	expr : expr . T_less_eq expr  (66)
	expr : expr . T_greater_eq expr  (67)
	expr : expr . T_and expr  (71)
	expr : expr . T_or expr  (72)
	expr : expr . T_cons expr  (76)

	T_mod  shift 91
	T_minus  shift 94
	T_plus  shift 95
	T_times  shift 96
	T_div  shift 97
	T_cons  shift 98
	T_and  reduce 65
	T_else  reduce 65
	T_elsif  reduce 65
	T_end  reduce 65
	T_exit  reduce 65
	T_for  reduce 65
	T_if  reduce 65
	T_or  reduce 65
	T_return  reduce 65
	T_skip  reduce 65
	T_var  reduce 65
	T_string_const  reduce 65
	T_rbracket  reduce 65
	T_rsqbracket  reduce 65
	T_colon  reduce 65
	T_semicolon  reduce 65
	T_comma  reduce 65


state 131
	expr : expr . T_plus expr  (57)
	expr : expr . T_minus expr  (58)
	expr : expr . T_times expr  (59)
	expr : expr . T_div expr  (60)
	expr : expr . T_mod expr  (61)
	expr : expr . T_eq expr  (62)
	expr : expr . T_dif expr  (63)
	expr : expr . T_less expr  (64)
	expr : expr . T_greater expr  (65)
	expr : expr . T_less_eq expr  (66)
	expr : expr T_less_eq expr .  (66)
	expr : expr . T_greater_eq expr  (67)
	expr : expr . T_and expr  (71)
	expr : expr . T_or expr  (72)
	expr : expr . T_cons expr  (76)

	T_mod  shift 91
	T_minus  shift 94
	T_plus  shift 95
	T_times  shift 96
	T_div  shift 97
	T_cons  shift 98
	T_and  reduce 66
	T_else  reduce 66
	T_elsif  reduce 66
	T_end  reduce 66
	T_exit  reduce 66
	T_for  reduce 66
	T_if  reduce 66
	T_or  reduce 66
	T_return  reduce 66
	T_skip  reduce 66
	T_var  reduce 66
	T_string_const  reduce 66
	T_rbracket  reduce 66
	T_rsqbracket  reduce 66
	T_colon  reduce 66
	T_semicolon  reduce 66
	T_comma  reduce 66


state 132
	expr : expr . T_plus expr  (57)
	expr : expr . T_minus expr  (58)
	expr : expr . T_times expr  (59)
	expr : expr . T_div expr  (60)
	expr : expr . T_mod expr  (61)
	expr : expr . T_eq expr  (62)
	expr : expr . T_dif expr  (63)
	expr : expr . T_less expr  (64)
	expr : expr . T_greater expr  (65)
	expr : expr . T_less_eq expr  (66)
	expr : expr . T_greater_eq expr  (67)
	expr : expr T_greater_eq expr .  (67)
	expr : expr . T_and expr  (71)
	expr : expr . T_or expr  (72)
	expr : expr . T_cons expr  (76)

	T_mod  shift 91
	T_minus  shift 94
	T_plus  shift 95
	T_times  shift 96
	T_div  shift 97
	T_cons  shift 98
	T_and  reduce 67
	T_else  reduce 67
	T_elsif  reduce 67
	T_end  reduce 67
	T_exit  reduce 67
	T_for  reduce 67
	T_if  reduce 67
	T_or  reduce 67
	T_return  reduce 67
	T_skip  reduce 67
	T_var  reduce 67
	T_string_const  reduce 67
	T_rbracket  reduce 67
	T_rsqbracket  reduce 67
	T_colon  reduce 67
	T_semicolon  reduce 67
	T_comma  reduce 67


state 133
	stmt : T_if expr T_colon multi_stmt . elsif_stmt else_stmt T_end  (31)
	elsif_stmt : .  (33)

	T_elsif  shift 146
	T_else  reduce 33
	T_end  reduce 33

	elsif_stmt  goto 147


state 134
	other_expr : T_comma . expr other_expr  (46)

	T_false  shift 51
	T_head  shift 52
	T_new  shift 53
	T_nil  shift 54
	T_is_nil  shift 55
	T_not  shift 56
	T_tail  shift 57
	T_true  shift 58
	T_var  shift 35
	T_int_const  shift 59
	T_char_const  shift 60
	T_string_const  shift 36
	T_minus  shift 61
	T_plus  shift 62
	T_lbracket  shift 63
	.  error

	call  goto 64
	atom  goto 65
	expr  goto 148


state 135
	call : T_var T_lbracket expr other_expr . T_rbracket  (44)

	T_rbracket  shift 149
	.  error


state 136
	atom : atom T_lsqbracket expr T_rsqbracket .  (49)

	.  reduce 49


state 137
	other_id : T_comma T_var other_id .  (20)

	.  reduce 20


state 138
	repformal : T_semicolon formal repformal .  (15)

	.  reduce 15


state 139
	formal : myref ttype T_var other_id .  (16)

	.  reduce 16


state 140
	other_simple : T_comma simple other_simple .  (42)

	.  reduce 42


state 141
	stmt : T_for simple_list T_semicolon expr T_semicolon . simple_list T_colon multi_stmt T_end  (32)

	T_skip  shift 34
	T_var  shift 35
	T_string_const  shift 36
	.  error

	simple  goto 49
	simple_list  goto 150
	call  goto 40
	atom  goto 41


state 142
	expr : T_head T_lbracket expr T_rbracket .  (77)

	.  reduce 77


state 143
	expr : expr . T_plus expr  (57)
	expr : expr . T_minus expr  (58)
	expr : expr . T_times expr  (59)
	expr : expr . T_div expr  (60)
	expr : expr . T_mod expr  (61)
	expr : expr . T_eq expr  (62)
	expr : expr . T_dif expr  (63)
	expr : expr . T_less expr  (64)
	expr : expr . T_greater expr  (65)
	expr : expr . T_less_eq expr  (66)
	expr : expr . T_greater_eq expr  (67)
	expr : expr . T_and expr  (71)
	expr : expr . T_or expr  (72)
	expr : T_new ttype T_lsqbracket expr . T_rsqbracket  (73)
	expr : expr . T_cons expr  (76)

	T_and  shift 90
	T_mod  shift 91
	T_or  shift 92
	T_eq  shift 93
	T_minus  shift 94
	T_plus  shift 95
	T_times  shift 96
	T_div  shift 97
	T_cons  shift 98
	T_dif  shift 99
	T_less  shift 100
	T_greater  shift 101
	T_less_eq  shift 102
	T_greater_eq  shift 103
	T_rsqbracket  shift 151
	.  error


state 144
	expr : T_is_nil T_lbracket expr T_rbracket .  (75)

	.  reduce 75


state 145
	expr : T_tail T_lbracket expr T_rbracket .  (78)

	.  reduce 78


state 146
	elsif_stmt : T_elsif . expr T_colon multi_stmt elsif_stmt  (34)

	T_false  shift 51
	T_head  shift 52
	T_new  shift 53
	T_nil  shift 54
	T_is_nil  shift 55
	T_not  shift 56
	T_tail  shift 57
	T_true  shift 58
	T_var  shift 35
	T_int_const  shift 59
	T_char_const  shift 60
	T_string_const  shift 36
	T_minus  shift 61
	T_plus  shift 62
	T_lbracket  shift 63
	.  error

	call  goto 64
	atom  goto 65
	expr  goto 152


state 147
	stmt : T_if expr T_colon multi_stmt elsif_stmt . else_stmt T_end  (31)
	else_stmt : .  (35)

	T_else  shift 153
	T_end  reduce 35

	else_stmt  goto 154


state 148
	other_expr : T_comma expr . other_expr  (46)
	expr : expr . T_plus expr  (57)
	expr : expr . T_minus expr  (58)
	expr : expr . T_times expr  (59)
	expr : expr . T_div expr  (60)
	expr : expr . T_mod expr  (61)
	expr : expr . T_eq expr  (62)
	expr : expr . T_dif expr  (63)
	expr : expr . T_less expr  (64)
	expr : expr . T_greater expr  (65)
	expr : expr . T_less_eq expr  (66)
	expr : expr . T_greater_eq expr  (67)
	expr : expr . T_and expr  (71)
	expr : expr . T_or expr  (72)
	expr : expr . T_cons expr  (76)
	other_expr : .  (45)

	T_and  shift 90
	T_mod  shift 91
	T_or  shift 92
	T_eq  shift 93
	T_minus  shift 94
	T_plus  shift 95
	T_times  shift 96
	T_div  shift 97
	T_cons  shift 98
	T_dif  shift 99
	T_less  shift 100
	T_greater  shift 101
	T_less_eq  shift 102
	T_greater_eq  shift 103
	T_comma  shift 134
	T_rbracket  reduce 45

	other_expr  goto 155


state 149
	call : T_var T_lbracket expr other_expr T_rbracket .  (44)

	.  reduce 44


state 150
	stmt : T_for simple_list T_semicolon expr T_semicolon simple_list . T_colon multi_stmt T_end  (32)

	T_colon  shift 156
	.  error


state 151
	expr : T_new ttype T_lsqbracket expr T_rsqbracket .  (73)

	.  reduce 73


state 152
	elsif_stmt : T_elsif expr . T_colon multi_stmt elsif_stmt  (34)
	expr : expr . T_plus expr  (57)
	expr : expr . T_minus expr  (58)
	expr : expr . T_times expr  (59)
	expr : expr . T_div expr  (60)
	expr : expr . T_mod expr  (61)
	expr : expr . T_eq expr  (62)
	expr : expr . T_dif expr  (63)
	expr : expr . T_less expr  (64)
	expr : expr . T_greater expr  (65)
	expr : expr . T_less_eq expr  (66)
	expr : expr . T_greater_eq expr  (67)
	expr : expr . T_and expr  (71)
	expr : expr . T_or expr  (72)
	expr : expr . T_cons expr  (76)

	T_and  shift 90
	T_mod  shift 91
	T_or  shift 92
	T_eq  shift 93
	T_minus  shift 94
	T_plus  shift 95
	T_times  shift 96
	T_div  shift 97
	T_cons  shift 98
	T_dif  shift 99
	T_less  shift 100
	T_greater  shift 101
	T_less_eq  shift 102
	T_greater_eq  shift 103
	T_colon  shift 157
	.  error


state 153
	else_stmt : T_else . T_colon multi_stmt  (36)

	T_colon  shift 158
	.  error


state 154
	stmt : T_if expr T_colon multi_stmt elsif_stmt else_stmt . T_end  (31)

	T_end  shift 159
	.  error


state 155
	other_expr : T_comma expr other_expr .  (46)

	.  reduce 46


state 156
	stmt : T_for simple_list T_semicolon expr T_semicolon simple_list T_colon . multi_stmt T_end  (32)

	T_exit  shift 30
	T_for  shift 31
	T_if  shift 32
	T_return  shift 33
	T_skip  shift 34
	T_var  shift 35
	T_string_const  shift 36
	.  error

	multi_stmt  goto 160
	stmt  goto 38
	simple  goto 39
	call  goto 40
	atom  goto 41


state 157
	elsif_stmt : T_elsif expr T_colon . multi_stmt elsif_stmt  (34)

	T_exit  shift 30
	T_for  shift 31
	T_if  shift 32
	T_return  shift 33
	T_skip  shift 34
	T_var  shift 35
	T_string_const  shift 36
	.  error

	multi_stmt  goto 161
	stmt  goto 38
	simple  goto 39
	call  goto 40
	atom  goto 41


state 158
	else_stmt : T_else T_colon . multi_stmt  (36)

	T_exit  shift 30
	T_for  shift 31
	T_if  shift 32
	T_return  shift 33
	T_skip  shift 34
	T_var  shift 35
	T_string_const  shift 36
	.  error

	multi_stmt  goto 162
	stmt  goto 38
	simple  goto 39
	call  goto 40
	atom  goto 41


state 159
	stmt : T_if expr T_colon multi_stmt elsif_stmt else_stmt T_end .  (31)

	.  reduce 31


state 160
	stmt : T_for simple_list T_semicolon expr T_semicolon simple_list T_colon multi_stmt . T_end  (32)

	T_end  shift 163
	.  error


state 161
	elsif_stmt : T_elsif expr T_colon multi_stmt . elsif_stmt  (34)
	elsif_stmt : .  (33)

	T_elsif  shift 146
	T_else  reduce 33
	T_end  reduce 33

	elsif_stmt  goto 164


state 162
	else_stmt : T_else T_colon multi_stmt .  (36)

	.  reduce 36


state 163
	stmt : T_for simple_list T_semicolon expr T_semicolon simple_list T_colon multi_stmt T_end .  (32)

	.  reduce 32


state 164
	elsif_stmt : T_elsif expr T_colon multi_stmt elsif_stmt .  (34)

	.  reduce 34


55 terminals, 26 nonterminals
80 grammar rules, 165 states
